{"level":"http","message":"POST /api/sessions/login - 200 (114.214ms) - ::1 - PostmanRuntime/7.43.4","timestamp":"2025-05-15 20:52:43"}
{"level":"http","message":"GET /api/sessions/logout - 200 (0.682ms) - ::1 - PostmanRuntime/7.43.4","timestamp":"2025-05-15 20:52:46"}
{"level":"http","message":"POST /api/sessions/register - 400 (3.211ms) - ::1 - PostmanRuntime/7.43.4","timestamp":"2025-05-15 20:52:49"}
{"level":"http","message":"POST /api/sessions/register - 400 (44.038ms) - ::1 - PostmanRuntime/7.43.4","timestamp":"2025-05-15 20:52:53"}
{"level":"http","message":"POST /api/sessions/register - 201 (191.456ms) - ::1 - PostmanRuntime/7.43.4","timestamp":"2025-05-15 20:52:56"}
{"level":"http","message":"POST /api/sessions/login - 200 (99.703ms) - ::1 - PostmanRuntime/7.43.4","timestamp":"2025-05-15 20:53:01"}
{"level":"http","message":"POST /api/products/ - 201 (133.468ms) - ::1 - PostmanRuntime/7.43.4","timestamp":"2025-05-15 20:53:05"}
{"level":"http","message":"DELETE /api/products/68267e61dc9bcd6aba5a5ed7 - 204 (136.721ms) - ::1 - PostmanRuntime/7.43.4","timestamp":"2025-05-15 20:53:16"}
{"level":"http","message":"GET /api/sessions/logout - 200 (0.280ms) - ::1 - PostmanRuntime/7.43.4","timestamp":"2025-05-15 20:53:23"}
{"level":"http","message":"POST /api/sessions/login - 200 (106.581ms) - ::1 - PostmanRuntime/7.43.4","timestamp":"2025-05-15 21:11:42"}
{"level":"http","message":"GET /api/sessions/current - 200 (43.937ms) - ::1 - PostmanRuntime/7.43.4","timestamp":"2025-05-15 21:11:46"}
{"level":"http","message":"POST /api/sessions/login - 200 (94.701ms) - ::1 - PostmanRuntime/7.43.4","timestamp":"2025-05-15 21:11:49"}
{"level":"http","message":"POST /api/sessions/register - 201 (194.285ms) - ::1 - PostmanRuntime/7.43.4","timestamp":"2025-05-15 21:11:55"}
{"level":"http","message":"POST /api/sessions/login - 200 (96.832ms) - ::1 - PostmanRuntime/7.43.4","timestamp":"2025-05-15 21:12:15"}
{"level":"http","message":"POST /api/sessions/login - 200 (93.981ms) - ::1 - PostmanRuntime/7.43.4","timestamp":"2025-05-15 21:12:19"}
{"level":"http","message":"GET /api/sessions/current - 200 (38.990ms) - ::1 - PostmanRuntime/7.43.4","timestamp":"2025-05-15 21:12:26"}
{"level":"http","message":"POST /api/carts - 201 (87.278ms) - ::1 - PostmanRuntime/7.43.4","timestamp":"2025-05-15 21:12:34"}
{"level":"http","message":"POST /api/carts/681e68dea2d772bbdd755d4b/products/67d343e173f1cb0a35e45bac - 400 (40.996ms) - ::1 - PostmanRuntime/7.43.4","timestamp":"2025-05-15 21:12:42"}
{"level":"http","message":"POST /api/carts/681e68dea2d772bbdd755d4b/products/67d343e173f1cb0a35e45bac - 200 (87.720ms) - ::1 - PostmanRuntime/7.43.4","timestamp":"2025-05-15 21:12:46"}
{"level":"http","message":"GET /api/carts/681e68dea2d772bbdd755d4b - 200 (82.087ms) - ::1 - PostmanRuntime/7.43.4","timestamp":"2025-05-15 21:12:51"}
{"level":"http","message":"POST /api/carts/681e68dea2d772bbdd755d4b/purchase - 200 (2112.963ms) - ::1 - PostmanRuntime/7.43.4","timestamp":"2025-05-15 21:13:02"}
{"level":"http","message":"PUT /api/carts/681e68aca2d772bbdd755d3a - 200 (89.736ms) - ::1 - PostmanRuntime/7.43.4","timestamp":"2025-05-15 21:13:33"}
{"level":"http","message":"DELETE /api/carts/681be10e88693266074d7d28/products/67d343e173f1cb0a35e45bad - 200 (86.160ms) - ::1 - PostmanRuntime/7.43.4","timestamp":"2025-05-15 21:13:37"}
{"level":"http","message":"POST /api/products/ - 403 (39.164ms) - ::1 - PostmanRuntime/7.43.4","timestamp":"2025-05-15 21:13:45"}
{"level":"http","message":"GET /api/products/ - 200 (52.415ms) - ::1 - PostmanRuntime/7.43.4","timestamp":"2025-05-15 21:13:48"}
{"level":"http","message":"GET /api/products/67d343e173f1cb0a35e45bac - 200 (40.446ms) - ::1 - PostmanRuntime/7.43.4","timestamp":"2025-05-15 21:13:49"}
{"level":"http","message":"PUT /api/products/67d343e173f1cb0a35e45bac - 403 (41.966ms) - ::1 - PostmanRuntime/7.43.4","timestamp":"2025-05-15 21:13:51"}
{"level":"http","message":"DELETE /api/products/68267e61dc9bcd6aba5a5ed7 - 403 (44.603ms) - ::1 - PostmanRuntime/7.43.4","timestamp":"2025-05-15 21:13:53"}
{"level":"http","message":"GET /api/tickets - 403 (42.584ms) - ::1 - PostmanRuntime/7.43.4","timestamp":"2025-05-15 21:13:55"}
{"level":"http","message":"GET /api/tickets/682679f7a0cfc11823226fa4 - 200 (85.071ms) - ::1 - PostmanRuntime/7.43.4","timestamp":"2025-05-15 21:13:58"}
{"level":"http","message":"POST /api/sessions/login - 200 (99.447ms) - ::1 - PostmanRuntime/7.43.4","timestamp":"2025-05-15 21:14:05"}
{"level":"http","message":"POST /api/products/ - 201 (139.110ms) - ::1 - PostmanRuntime/7.43.4","timestamp":"2025-05-15 21:14:07"}
{"level":"http","message":"GET /api/products/ - 200 (41.079ms) - ::1 - PostmanRuntime/7.43.4","timestamp":"2025-05-15 21:14:10"}
{"level":"http","message":"GET /api/products/67d343e173f1cb0a35e45bac - 200 (44.139ms) - ::1 - PostmanRuntime/7.43.4","timestamp":"2025-05-15 21:14:12"}
{"level":"http","message":"PUT /api/products/67d343e173f1cb0a35e45bac - 400 (41.678ms) - ::1 - PostmanRuntime/7.43.4","timestamp":"2025-05-15 21:14:13"}
{"level":"http","message":"PUT /api/products/67d343e173f1cb0a35e45bac - 400 (41.018ms) - ::1 - PostmanRuntime/7.43.4","timestamp":"2025-05-15 21:14:44"}
{"level":"http","message":"DELETE /api/products/68267e61dc9bcd6aba5a5ed7 - 500 (85.297ms) - ::1 - PostmanRuntime/7.43.4","timestamp":"2025-05-15 21:14:48"}
{"level":"http","message":"PUT /api/products/6826834f52c14a3e1040cd34 - 400 (42.439ms) - ::1 - PostmanRuntime/7.43.4","timestamp":"2025-05-15 21:15:06"}
{"level":"http","message":"PUT /api/products/6826834f52c14a3e1040cd34 - 400 (40.996ms) - ::1 - PostmanRuntime/7.43.4","timestamp":"2025-05-15 21:15:25"}
{"level":"http","message":"DELETE /api/products/68267e61dc9bcd6aba5a5ed7 - 500 (85.077ms) - ::1 - PostmanRuntime/7.43.4","timestamp":"2025-05-15 21:15:33"}
{"level":"http","message":"DELETE /api/products/6826834f52c14a3e1040cd34 - 204 (132.302ms) - ::1 - PostmanRuntime/7.43.4","timestamp":"2025-05-15 21:15:45"}
{"level":"http","message":"GET /api/tickets - 200 (87.974ms) - ::1 - PostmanRuntime/7.43.4","timestamp":"2025-05-15 21:15:49"}
